<?xml version="1.0" encoding="UTF-8"?>
<!-- Generated by org.testng.reporters.JUnitXMLReporter -->
<testsuite hostname="tester3" name="CabinetPasswordEmpty" tests="4" failures="0" timestamp="12 Aug 2015 13:23:36 GMT" time="10.247" errors="0">
  <testcase name="openCabinetURL" time="2.234" classname="test.fbs.com.TestAuthentication"/>
  <testcase name="authTry" time="0.176" classname="test.fbs.com.TestAuthentication"/>
  <testcase name="passwordEmpty" time="0.031" classname="test.fbs.com.TestAuthentication"/>
  <testcase name="clearLoginPasswordFields" time="0.082" classname="test.fbs.com.TestAuthentication"/>
</testsuite> <!-- CabinetPasswordEmpty -->
