<?xml version="1.0" encoding="UTF-8"?>
<!-- Generated by org.testng.reporters.JUnitXMLReporter -->
<testsuite hostname="tester3" name="CabinetLogonSuccess" tests="3" failures="0" timestamp="12 Aug 2015 13:33:18 GMT" time="10.13" errors="0">
  <testcase name="openCabinetURL" time="2.281" classname="test.fbs.com.TestAuthentication"/>
  <testcase name="authTry" time="0.194" classname="test.fbs.com.TestAuthentication"/>
  <testcase name="logonSuccess" time="0.838" classname="test.fbs.com.TestAuthentication"/>
</testsuite> <!-- CabinetLogonSuccess -->
