<?xml version="1.0" encoding="UTF-8"?>
<!-- Generated by org.testng.reporters.JUnitXMLReporter -->
<testsuite hostname="tester3" name="CabinetLogonWrongLoginPassword" tests="4" failures="0" timestamp="12 Aug 2015 13:24:07 GMT" time="10.43" errors="0">
  <testcase name="openCabinetURL" time="2.306" classname="test.fbs.com.TestAuthentication"/>
  <testcase name="authTry" time="0.196" classname="test.fbs.com.TestAuthentication"/>
  <testcase name="loginOrPasswordWrong" time="0.064" classname="test.fbs.com.TestAuthentication"/>
  <testcase name="clearLoginPasswordFields" time="0.129" classname="test.fbs.com.TestAuthentication"/>
</testsuite> <!-- CabinetLogonWrongLoginPassword -->
