<?xml version="1.0" encoding="UTF-8"?>
<!-- Generated by org.testng.reporters.JUnitXMLReporter -->
<testsuite hostname="tester3" name="CabinetLoginEmpty" tests="4" failures="0" timestamp="12 Aug 2015 13:23:26 GMT" time="10.895" errors="0">
  <testcase name="openCabinetURL" time="2.177" classname="test.fbs.com.TestAuthentication"/>
  <testcase name="authTry" time="0.249" classname="test.fbs.com.TestAuthentication"/>
  <testcase name="loginEmpty" time="0.079" classname="test.fbs.com.TestAuthentication"/>
  <testcase name="clearLoginPasswordFields" time="0.128" classname="test.fbs.com.TestAuthentication"/>
</testsuite> <!-- CabinetLoginEmpty -->
