<?xml version="1.0" encoding="UTF-8"?>
<!-- Generated by org.testng.reporters.JUnitXMLReporter -->
<testsuite hostname="tester3" name="CabinetLoginPasswordEmpty" tests="4" failures="0" timestamp="12 Aug 2015 13:23:46 GMT" time="9.858" errors="0">
  <testcase name="openCabinetURL" time="2.349" classname="test.fbs.com.TestAuthentication"/>
  <testcase name="authTry" time="0.147" classname="test.fbs.com.TestAuthentication"/>
  <testcase name="loginEmpty" time="0.085" classname="test.fbs.com.TestAuthentication"/>
  <testcase name="passwordEmpty" time="0.067" classname="test.fbs.com.TestAuthentication"/>
</testsuite> <!-- CabinetLoginPasswordEmpty -->
