<?xml version="1.0" encoding="UTF-8"?>
<!-- Generated by org.testng.reporters.JUnitXMLReporter -->
<testsuite hostname="tester3" name="CabinetLogonWrongLogin" tests="4" failures="0" timestamp="12 Aug 2015 13:23:57 GMT" time="10.371" errors="0">
  <testcase name="openCabinetURL" time="2.241" classname="test.fbs.com.TestAuthentication"/>
  <testcase name="authTry" time="0.188" classname="test.fbs.com.TestAuthentication"/>
  <testcase name="loginOrPasswordWrong" time="0.06" classname="test.fbs.com.TestAuthentication"/>
  <testcase name="clearLoginPasswordFields" time="0.139" classname="test.fbs.com.TestAuthentication"/>
</testsuite> <!-- CabinetLogonWrongLogin -->
