<?xml version="1.0" encoding="UTF-8"?>
<!-- Generated by org.testng.reporters.JUnitXMLReporter -->
<testsuite hostname="tester3" name="UserTest" tests="9" failures="0" timestamp="11 Aug 2015 13:22:37 GMT" time="0.016" errors="0">
  <testcase name="authBadLogin" time="0.0" classname="test.fbs.com.TestAuthentication"/>
  <testcase name="authBadPass" time="0.0" classname="test.fbs.com.TestAuthentication"/>
  <testcase name="authBadLoginPass" time="0.001" classname="test.fbs.com.TestAuthentication"/>
  <testcase name="authSuccess" time="0.0" classname="test.fbs.com.TestAuthentication"/>
  <testcase name="centRegistration" time="0.0" classname="test.fbs.com.TestRegistration"/>
  <testcase name="microRegistration" time="0.0" classname="test.fbs.com.TestRegistration"/>
  <testcase name="standartRegistration" time="0.0" classname="test.fbs.com.TestRegistration"/>
  <testcase name="zeroSpreadRegistration" time="0.0" classname="test.fbs.com.TestRegistration"/>
  <testcase name="unlimSpreadRegistration" time="0.0" classname="test.fbs.com.TestRegistration"/>
</testsuite> <!-- UserTest -->
